2025-07-16 10:04:59,392 [Worker-4: Loading available Gradle versions] INFO  o.e.b.c.i.u.g.PublishedGradleVersions - Gradle version information cache is not available. Remote download required.
2025-07-16 10:05:47,790 [Worker-11: Launching mavenrun-a8252c96-3093-4be1-9e5c-9c3e49ccbaee] INFO  o.eclipse.m2e.core.internal.Bundles - getClasspathEntries(Bundle=org.eclipse.m2e.maven.runtime_3.9.900.20250220-2013 [295])
2025-07-16 10:05:47,791 [Worker-11: Launching mavenrun-a8252c96-3093-4be1-9e5c-9c3e49ccbaee] INFO  o.eclipse.m2e.core.internal.Bundles - 	Entry: /home/userpro/.p2/pool/plugins/org.eclipse.m2e.maven.runtime_3.9.900.20250220-2013
2025-07-16 10:05:47,792 [Worker-11: Launching mavenrun-a8252c96-3093-4be1-9e5c-9c3e49ccbaee] INFO  o.eclipse.m2e.core.internal.Bundles - 	Entry: /home/userpro/.p2/pool/plugins/org.eclipse.m2e.maven.runtime_3.9.900.20250220-2013/jars/aopalliance-1.0.jar
2025-07-16 10:05:47,792 [Worker-11: Launching mavenrun-a8252c96-3093-4be1-9e5c-9c3e49ccbaee] INFO  o.eclipse.m2e.core.internal.Bundles - 	Entry: /home/userpro/.p2/pool/plugins/org.eclipse.m2e.maven.runtime_3.9.900.20250220-2013/jars/guice-5.1.0.jar
2025-07-16 10:05:47,792 [Worker-11: Launching mavenrun-a8252c96-3093-4be1-9e5c-9c3e49ccbaee] INFO  o.eclipse.m2e.core.internal.Bundles - 	Entry: /home/userpro/.p2/pool/plugins/org.eclipse.m2e.maven.runtime_3.9.900.20250220-2013/jars/httpclient-4.5.14.jar
2025-07-16 10:05:47,792 [Worker-11: Launching mavenrun-a8252c96-3093-4be1-9e5c-9c3e49ccbaee] INFO  o.eclipse.m2e.core.internal.Bundles - 	Entry: /home/userpro/.p2/pool/plugins/org.eclipse.m2e.maven.runtime_3.9.900.20250220-2013/jars/httpcore-4.4.16.jar
2025-07-16 10:05:47,792 [Worker-11: Launching mavenrun-a8252c96-3093-4be1-9e5c-9c3e49ccbaee] INFO  o.eclipse.m2e.core.internal.Bundles - 	Entry: /home/userpro/.p2/pool/plugins/org.eclipse.m2e.maven.runtime_3.9.900.20250220-2013/jars/jansi-2.4.1.jar
2025-07-16 10:05:47,792 [Worker-11: Launching mavenrun-a8252c96-3093-4be1-9e5c-9c3e49ccbaee] INFO  o.eclipse.m2e.core.internal.Bundles - 	Entry: /home/userpro/.p2/pool/plugins/org.eclipse.m2e.maven.runtime_3.9.900.20250220-2013/jars/jcl-over-slf4j-1.7.36.jar
2025-07-16 10:05:47,792 [Worker-11: Launching mavenrun-a8252c96-3093-4be1-9e5c-9c3e49ccbaee] INFO  o.eclipse.m2e.core.internal.Bundles - 	Entry: /home/userpro/.p2/pool/plugins/org.eclipse.m2e.maven.runtime_3.9.900.20250220-2013/jars/maven-artifact-3.9.9.jar
2025-07-16 10:05:47,792 [Worker-11: Launching mavenrun-a8252c96-3093-4be1-9e5c-9c3e49ccbaee] INFO  o.eclipse.m2e.core.internal.Bundles - 	Entry: /home/userpro/.p2/pool/plugins/org.eclipse.m2e.maven.runtime_3.9.900.20250220-2013/jars/maven-builder-support-3.9.9.jar
2025-07-16 10:05:47,792 [Worker-11: Launching mavenrun-a8252c96-3093-4be1-9e5c-9c3e49ccbaee] INFO  o.eclipse.m2e.core.internal.Bundles - 	Entry: /home/userpro/.p2/pool/plugins/org.eclipse.m2e.maven.runtime_3.9.900.20250220-2013/jars/maven-compat-3.9.9.jar
2025-07-16 10:05:47,792 [Worker-11: Launching mavenrun-a8252c96-3093-4be1-9e5c-9c3e49ccbaee] INFO  o.eclipse.m2e.core.internal.Bundles - 	Entry: /home/userpro/.p2/pool/plugins/org.eclipse.m2e.maven.runtime_3.9.900.20250220-2013/jars/maven-core-3.9.9.jar
2025-07-16 10:05:47,792 [Worker-11: Launching mavenrun-a8252c96-3093-4be1-9e5c-9c3e49ccbaee] INFO  o.eclipse.m2e.core.internal.Bundles - 	Entry: /home/userpro/.p2/pool/plugins/org.eclipse.m2e.maven.runtime_3.9.900.20250220-2013/jars/maven-embedder-3.9.9.jar
2025-07-16 10:05:47,792 [Worker-11: Launching mavenrun-a8252c96-3093-4be1-9e5c-9c3e49ccbaee] INFO  o.eclipse.m2e.core.internal.Bundles - 	Entry: /home/userpro/.p2/pool/plugins/org.eclipse.m2e.maven.runtime_3.9.900.20250220-2013/jars/maven-model-3.9.9.jar
2025-07-16 10:05:47,792 [Worker-11: Launching mavenrun-a8252c96-3093-4be1-9e5c-9c3e49ccbaee] INFO  o.eclipse.m2e.core.internal.Bundles - 	Entry: /home/userpro/.p2/pool/plugins/org.eclipse.m2e.maven.runtime_3.9.900.20250220-2013/jars/maven-model-builder-3.9.9.jar
2025-07-16 10:05:47,792 [Worker-11: Launching mavenrun-a8252c96-3093-4be1-9e5c-9c3e49ccbaee] INFO  o.eclipse.m2e.core.internal.Bundles - 	Entry: /home/userpro/.p2/pool/plugins/org.eclipse.m2e.maven.runtime_3.9.900.20250220-2013/jars/maven-plugin-api-3.9.9.jar
2025-07-16 10:05:47,792 [Worker-11: Launching mavenrun-a8252c96-3093-4be1-9e5c-9c3e49ccbaee] INFO  o.eclipse.m2e.core.internal.Bundles - 	Entry: /home/userpro/.p2/pool/plugins/org.eclipse.m2e.maven.runtime_3.9.900.20250220-2013/jars/maven-repository-metadata-3.9.9.jar
2025-07-16 10:05:47,792 [Worker-11: Launching mavenrun-a8252c96-3093-4be1-9e5c-9c3e49ccbaee] INFO  o.eclipse.m2e.core.internal.Bundles - 	Entry: /home/userpro/.p2/pool/plugins/org.eclipse.m2e.maven.runtime_3.9.900.20250220-2013/jars/maven-resolver-api-1.9.22.jar
2025-07-16 10:05:47,792 [Worker-11: Launching mavenrun-a8252c96-3093-4be1-9e5c-9c3e49ccbaee] INFO  o.eclipse.m2e.core.internal.Bundles - 	Entry: /home/userpro/.p2/pool/plugins/org.eclipse.m2e.maven.runtime_3.9.900.20250220-2013/jars/maven-resolver-connector-basic-1.9.22.jar
2025-07-16 10:05:47,792 [Worker-11: Launching mavenrun-a8252c96-3093-4be1-9e5c-9c3e49ccbaee] INFO  o.eclipse.m2e.core.internal.Bundles - 	Entry: /home/userpro/.p2/pool/plugins/org.eclipse.m2e.maven.runtime_3.9.900.20250220-2013/jars/maven-resolver-impl-1.9.22.jar
2025-07-16 10:05:47,792 [Worker-11: Launching mavenrun-a8252c96-3093-4be1-9e5c-9c3e49ccbaee] INFO  o.eclipse.m2e.core.internal.Bundles - 	Entry: /home/userpro/.p2/pool/plugins/org.eclipse.m2e.maven.runtime_3.9.900.20250220-2013/jars/maven-resolver-named-locks-1.9.22.jar
2025-07-16 10:05:47,792 [Worker-11: Launching mavenrun-a8252c96-3093-4be1-9e5c-9c3e49ccbaee] INFO  o.eclipse.m2e.core.internal.Bundles - 	Entry: /home/userpro/.p2/pool/plugins/org.eclipse.m2e.maven.runtime_3.9.900.20250220-2013/jars/maven-resolver-provider-3.9.9.jar
2025-07-16 10:05:47,792 [Worker-11: Launching mavenrun-a8252c96-3093-4be1-9e5c-9c3e49ccbaee] INFO  o.eclipse.m2e.core.internal.Bundles - 	Entry: /home/userpro/.p2/pool/plugins/org.eclipse.m2e.maven.runtime_3.9.900.20250220-2013/jars/maven-resolver-spi-1.9.22.jar
2025-07-16 10:05:47,792 [Worker-11: Launching mavenrun-a8252c96-3093-4be1-9e5c-9c3e49ccbaee] INFO  o.eclipse.m2e.core.internal.Bundles - 	Entry: /home/userpro/.p2/pool/plugins/org.eclipse.m2e.maven.runtime_3.9.900.20250220-2013/jars/maven-resolver-transport-file-1.9.22.jar
2025-07-16 10:05:47,792 [Worker-11: Launching mavenrun-a8252c96-3093-4be1-9e5c-9c3e49ccbaee] INFO  o.eclipse.m2e.core.internal.Bundles - 	Entry: /home/userpro/.p2/pool/plugins/org.eclipse.m2e.maven.runtime_3.9.900.20250220-2013/jars/maven-resolver-transport-http-1.9.22.jar
2025-07-16 10:05:47,792 [Worker-11: Launching mavenrun-a8252c96-3093-4be1-9e5c-9c3e49ccbaee] INFO  o.eclipse.m2e.core.internal.Bundles - 	Entry: /home/userpro/.p2/pool/plugins/org.eclipse.m2e.maven.runtime_3.9.900.20250220-2013/jars/maven-resolver-transport-wagon-1.9.22.jar
2025-07-16 10:05:47,792 [Worker-11: Launching mavenrun-a8252c96-3093-4be1-9e5c-9c3e49ccbaee] INFO  o.eclipse.m2e.core.internal.Bundles - 	Entry: /home/userpro/.p2/pool/plugins/org.eclipse.m2e.maven.runtime_3.9.900.20250220-2013/jars/maven-resolver-util-1.9.22.jar
2025-07-16 10:05:47,792 [Worker-11: Launching mavenrun-a8252c96-3093-4be1-9e5c-9c3e49ccbaee] INFO  o.eclipse.m2e.core.internal.Bundles - 	Entry: /home/userpro/.p2/pool/plugins/org.eclipse.m2e.maven.runtime_3.9.900.20250220-2013/jars/maven-settings-3.9.9.jar
2025-07-16 10:05:47,793 [Worker-11: Launching mavenrun-a8252c96-3093-4be1-9e5c-9c3e49ccbaee] INFO  o.eclipse.m2e.core.internal.Bundles - 	Entry: /home/userpro/.p2/pool/plugins/org.eclipse.m2e.maven.runtime_3.9.900.20250220-2013/jars/maven-settings-builder-3.9.9.jar
2025-07-16 10:05:47,793 [Worker-11: Launching mavenrun-a8252c96-3093-4be1-9e5c-9c3e49ccbaee] INFO  o.eclipse.m2e.core.internal.Bundles - 	Entry: /home/userpro/.p2/pool/plugins/org.eclipse.m2e.maven.runtime_3.9.900.20250220-2013/jars/maven-shared-utils-3.4.2.jar
2025-07-16 10:05:47,793 [Worker-11: Launching mavenrun-a8252c96-3093-4be1-9e5c-9c3e49ccbaee] INFO  o.eclipse.m2e.core.internal.Bundles - 	Entry: /home/userpro/.p2/pool/plugins/org.eclipse.m2e.maven.runtime_3.9.900.20250220-2013/jars/org.eclipse.sisu.inject-0.9.0.M3.jar
2025-07-16 10:05:47,793 [Worker-11: Launching mavenrun-a8252c96-3093-4be1-9e5c-9c3e49ccbaee] INFO  o.eclipse.m2e.core.internal.Bundles - 	Entry: /home/userpro/.p2/pool/plugins/org.eclipse.m2e.maven.runtime_3.9.900.20250220-2013/jars/org.eclipse.sisu.plexus-0.9.0.M3.jar
2025-07-16 10:05:47,793 [Worker-11: Launching mavenrun-a8252c96-3093-4be1-9e5c-9c3e49ccbaee] INFO  o.eclipse.m2e.core.internal.Bundles - 	Entry: /home/userpro/.p2/pool/plugins/org.eclipse.m2e.maven.runtime_3.9.900.20250220-2013/jars/plexus-build-api-0.0.7.jar
2025-07-16 10:05:47,793 [Worker-11: Launching mavenrun-a8252c96-3093-4be1-9e5c-9c3e49ccbaee] INFO  o.eclipse.m2e.core.internal.Bundles - 	Entry: /home/userpro/.p2/pool/plugins/org.eclipse.m2e.maven.runtime_3.9.900.20250220-2013/jars/plexus-build-api-1.2.0.jar
2025-07-16 10:05:47,793 [Worker-11: Launching mavenrun-a8252c96-3093-4be1-9e5c-9c3e49ccbaee] INFO  o.eclipse.m2e.core.internal.Bundles - 	Entry: /home/userpro/.p2/pool/plugins/org.eclipse.m2e.maven.runtime_3.9.900.20250220-2013/jars/plexus-cipher-2.0.jar
2025-07-16 10:05:47,793 [Worker-11: Launching mavenrun-a8252c96-3093-4be1-9e5c-9c3e49ccbaee] INFO  o.eclipse.m2e.core.internal.Bundles - 	Entry: /home/userpro/.p2/pool/plugins/org.eclipse.m2e.maven.runtime_3.9.900.20250220-2013/jars/plexus-classworlds-2.8.0.jar
2025-07-16 10:05:47,793 [Worker-11: Launching mavenrun-a8252c96-3093-4be1-9e5c-9c3e49ccbaee] INFO  o.eclipse.m2e.core.internal.Bundles - 	Entry: /home/userpro/.p2/pool/plugins/org.eclipse.m2e.maven.runtime_3.9.900.20250220-2013/jars/plexus-component-annotations-2.1.0.jar
2025-07-16 10:05:47,793 [Worker-11: Launching mavenrun-a8252c96-3093-4be1-9e5c-9c3e49ccbaee] INFO  o.eclipse.m2e.core.internal.Bundles - 	Entry: /home/userpro/.p2/pool/plugins/org.eclipse.m2e.maven.runtime_3.9.900.20250220-2013/jars/plexus-interpolation-1.27.jar
2025-07-16 10:05:47,793 [Worker-11: Launching mavenrun-a8252c96-3093-4be1-9e5c-9c3e49ccbaee] INFO  o.eclipse.m2e.core.internal.Bundles - 	Entry: /home/userpro/.p2/pool/plugins/org.eclipse.m2e.maven.runtime_3.9.900.20250220-2013/jars/plexus-sec-dispatcher-2.0.jar
2025-07-16 10:05:47,793 [Worker-11: Launching mavenrun-a8252c96-3093-4be1-9e5c-9c3e49ccbaee] INFO  o.eclipse.m2e.core.internal.Bundles - 	Entry: /home/userpro/.p2/pool/plugins/org.eclipse.m2e.maven.runtime_3.9.900.20250220-2013/jars/plexus-utils-3.5.1.jar
2025-07-16 10:05:47,793 [Worker-11: Launching mavenrun-a8252c96-3093-4be1-9e5c-9c3e49ccbaee] INFO  o.eclipse.m2e.core.internal.Bundles - 	Entry: /home/userpro/.p2/pool/plugins/org.eclipse.m2e.maven.runtime_3.9.900.20250220-2013/jars/plexus-xml-3.0.1.jar
2025-07-16 10:05:47,793 [Worker-11: Launching mavenrun-a8252c96-3093-4be1-9e5c-9c3e49ccbaee] INFO  o.eclipse.m2e.core.internal.Bundles - 	Entry: /home/userpro/.p2/pool/plugins/org.eclipse.m2e.maven.runtime_3.9.900.20250220-2013/jars/wagon-file-3.5.3.jar
2025-07-16 10:05:47,793 [Worker-11: Launching mavenrun-a8252c96-3093-4be1-9e5c-9c3e49ccbaee] INFO  o.eclipse.m2e.core.internal.Bundles - 	Entry: /home/userpro/.p2/pool/plugins/org.eclipse.m2e.maven.runtime_3.9.900.20250220-2013/jars/wagon-http-3.5.3.jar
2025-07-16 10:05:47,793 [Worker-11: Launching mavenrun-a8252c96-3093-4be1-9e5c-9c3e49ccbaee] INFO  o.eclipse.m2e.core.internal.Bundles - 	Entry: /home/userpro/.p2/pool/plugins/org.eclipse.m2e.maven.runtime_3.9.900.20250220-2013/jars/wagon-http-shared-3.5.3.jar
2025-07-16 10:05:47,793 [Worker-11: Launching mavenrun-a8252c96-3093-4be1-9e5c-9c3e49ccbaee] INFO  o.eclipse.m2e.core.internal.Bundles - 	Entry: /home/userpro/.p2/pool/plugins/org.eclipse.m2e.maven.runtime_3.9.900.20250220-2013/jars/wagon-provider-api-3.5.3.jar
2025-07-16 10:05:47,794 [Worker-11: Launching mavenrun-a8252c96-3093-4be1-9e5c-9c3e49ccbaee] INFO  o.eclipse.m2e.core.internal.Bundles - getClasspathEntries(Bundle=com.google.guava_33.4.0.jre [12])
2025-07-16 10:05:47,794 [Worker-11: Launching mavenrun-a8252c96-3093-4be1-9e5c-9c3e49ccbaee] INFO  o.eclipse.m2e.core.internal.Bundles - 	Entry: /home/userpro/.p2/pool/plugins/com.google.guava_33.4.0.jre.jar
2025-07-16 10:05:47,794 [Worker-11: Launching mavenrun-a8252c96-3093-4be1-9e5c-9c3e49ccbaee] INFO  o.eclipse.m2e.core.internal.Bundles - getClasspathEntries(Bundle=slf4j.api_2.0.17 [515])
2025-07-16 10:05:47,794 [Worker-11: Launching mavenrun-a8252c96-3093-4be1-9e5c-9c3e49ccbaee] INFO  o.eclipse.m2e.core.internal.Bundles - 	Entry: /home/userpro/.p2/pool/plugins/slf4j.api_2.0.17.jar
2025-07-16 10:05:47,794 [Worker-11: Launching mavenrun-a8252c96-3093-4be1-9e5c-9c3e49ccbaee] INFO  o.eclipse.m2e.core.internal.Bundles - getClasspathEntries(Bundle=jakarta.inject.jakarta.inject-api_1.0.5 [24])
2025-07-16 10:05:47,794 [Worker-11: Launching mavenrun-a8252c96-3093-4be1-9e5c-9c3e49ccbaee] INFO  o.eclipse.m2e.core.internal.Bundles - 	Entry: /home/userpro/.p2/pool/plugins/jakarta.inject.jakarta.inject-api_1.0.5.jar
2025-07-16 10:05:47,794 [Worker-11: Launching mavenrun-a8252c96-3093-4be1-9e5c-9c3e49ccbaee] INFO  o.eclipse.m2e.core.internal.Bundles - getClasspathEntries(Bundle=jakarta.annotation-api_1.3.5 [22])
2025-07-16 10:05:47,794 [Worker-11: Launching mavenrun-a8252c96-3093-4be1-9e5c-9c3e49ccbaee] INFO  o.eclipse.m2e.core.internal.Bundles - 	Entry: /home/userpro/.p2/pool/plugins/jakarta.annotation-api_1.3.5.jar
2025-07-16 10:05:47,794 [Worker-11: Launching mavenrun-a8252c96-3093-4be1-9e5c-9c3e49ccbaee] INFO  o.eclipse.m2e.core.internal.Bundles - getClasspathEntries(Bundle=org.apache.commons.cli_1.9.0 [48])
2025-07-16 10:05:47,794 [Worker-11: Launching mavenrun-a8252c96-3093-4be1-9e5c-9c3e49ccbaee] INFO  o.eclipse.m2e.core.internal.Bundles - 	Entry: /home/userpro/.p2/pool/plugins/org.apache.commons.cli_1.9.0.jar
2025-07-16 10:05:47,794 [Worker-11: Launching mavenrun-a8252c96-3093-4be1-9e5c-9c3e49ccbaee] INFO  o.eclipse.m2e.core.internal.Bundles - getClasspathEntries(Bundle=org.apache.commons.commons-codec_1.16.0 [49])
2025-07-16 10:05:47,794 [Worker-11: Launching mavenrun-a8252c96-3093-4be1-9e5c-9c3e49ccbaee] INFO  o.eclipse.m2e.core.internal.Bundles - 	Entry: /home/userpro/.p2/pool/plugins/org.apache.commons.commons-codec_1.16.0.jar
2025-07-16 10:05:47,794 [Worker-11: Launching mavenrun-a8252c96-3093-4be1-9e5c-9c3e49ccbaee] INFO  o.eclipse.m2e.core.internal.Bundles - getClasspathEntries(Bundle=com.google.guava.failureaccess_1.0.2 [13])
2025-07-16 10:05:47,794 [Worker-11: Launching mavenrun-a8252c96-3093-4be1-9e5c-9c3e49ccbaee] INFO  o.eclipse.m2e.core.internal.Bundles - 	Entry: /home/userpro/.p2/pool/plugins/com.google.guava.failureaccess_1.0.2.jar
2025-07-16 10:05:47,795 [Worker-11: Launching mavenrun-a8252c96-3093-4be1-9e5c-9c3e49ccbaee] INFO  o.e.m.i.launch.MavenLaunchDelegate - Run build in "/tmp/m2e-archetypeGenerator7852967578105937271":
2025-07-16 10:05:47,798 [Worker-11: Launching mavenrun-a8252c96-3093-4be1-9e5c-9c3e49ccbaee] INFO  o.e.m.i.launch.MavenLaunchDelegate -  mvn  -DjavaCompilerVersion=17 -DjunitVersion=5.11.0 -DarchetypeGroupId=org.apache.maven.archetypes -DarchetypeArtifactId=maven-archetype-quickstart -DarchetypeVersion=1.5 -DgroupId=dev.project -DartifactId=pokemon -Dversion=0.0.1-SNAPSHOT -Dpackage=dev.project.pokemon -DoutputDirectory=/home/userpro/oop-pokemon -Dstyle.color=always -U archetype:generate
2025-07-16 10:05:52,931 [Worker-13: Creating maven-archetype-quickstart] INFO  o.e.m.c.i.p.ProjectConfigurationManager - Collecting project info '/pom.xml' /home/userpro/oop-pokemon/pokemon/pom.xml
2025-07-16 10:05:53,235 [Worker-13: Creating maven-archetype-quickstart] INFO  o.e.m.c.i.l.LifecycleMappingFactory - Using org.eclipse.m2e.jdt.JarLifecycleMapping lifecycle mapping for MavenProject: dev.project:pokemon:0.0.1-SNAPSHOT @ /home/userpro/oop-pokemon/pokemon/pom.xml.
2025-07-16 10:05:53,487 [Worker-13: Creating maven-archetype-quickstart] INFO  o.e.m.j.i.AbstractJavaProjectConfigurator - Adding source folder /pokemon/src/main/java
2025-07-16 10:05:53,488 [Worker-13: Creating maven-archetype-quickstart] INFO  o.e.m.j.i.AbstractJavaProjectConfigurator - Adding resource folder /pokemon/src/main/resources
2025-07-16 10:05:53,489 [Worker-13: Creating maven-archetype-quickstart] INFO  o.e.m.j.i.AbstractJavaProjectConfigurator - Adding source folder /pokemon/src/test/java
2025-07-16 10:05:53,489 [Worker-13: Creating maven-archetype-quickstart] INFO  o.e.m.j.i.AbstractJavaProjectConfigurator - Adding resource folder /pokemon/src/test/resources
2025-07-16 10:05:53,731 [Worker-13: Creating maven-archetype-quickstart] INFO  o.e.m.c.i.p.ProjectConfigurationManager - Imported and configured 1 project(s) in 0 sec
2025-07-16 10:05:54,178 [Worker-13: Building] INFO  o.a.m.s.f.DefaultMavenResourcesFiltering - skip non existing resourceDirectory /home/userpro/oop-pokemon/pokemon/src/main/resources
2025-07-16 10:05:54,180 [Worker-13: Building] INFO  o.a.m.s.f.DefaultMavenResourcesFiltering - skip non existing resourceDirectory /home/userpro/oop-pokemon/pokemon/src/test/resources
2025-07-16 10:06:28,315 [Worker-9: Building] INFO  o.a.m.s.f.DefaultMavenResourcesFiltering - skip non existing resourceDirectory /home/userpro/oop-pokemon/pokemon/src/main/resources
2025-07-16 10:06:28,317 [Worker-9: Building] INFO  o.a.m.s.f.DefaultMavenResourcesFiltering - skip non existing resourceDirectory /home/userpro/oop-pokemon/pokemon/src/test/resources
2025-07-16 10:06:42,934 [Worker-2: Building] INFO  o.a.m.s.f.DefaultMavenResourcesFiltering - skip non existing resourceDirectory /home/userpro/oop-pokemon/pokemon/src/main/resources
2025-07-16 10:06:42,936 [Worker-2: Building] INFO  o.a.m.s.f.DefaultMavenResourcesFiltering - skip non existing resourceDirectory /home/userpro/oop-pokemon/pokemon/src/test/resources
2025-07-16 10:07:13,416 [Worker-8: Building] INFO  o.a.m.s.f.DefaultMavenResourcesFiltering - skip non existing resourceDirectory /home/userpro/oop-pokemon/pokemon/src/main/resources
2025-07-16 10:07:13,417 [Worker-8: Building] INFO  o.a.m.s.f.DefaultMavenResourcesFiltering - skip non existing resourceDirectory /home/userpro/oop-pokemon/pokemon/src/test/resources
2025-07-16 10:08:14,513 [Worker-16: Building] INFO  o.a.m.s.f.DefaultMavenResourcesFiltering - skip non existing resourceDirectory /home/userpro/oop-pokemon/pokemon/src/main/resources
2025-07-16 10:08:14,513 [Worker-16: Building] INFO  o.a.m.s.f.DefaultMavenResourcesFiltering - skip non existing resourceDirectory /home/userpro/oop-pokemon/pokemon/src/test/resources
2025-07-16 10:17:31,057 [Worker-6: Loading available Gradle versions] INFO  o.e.b.c.i.u.g.PublishedGradleVersions - Gradle version information cache is up-to-date. Trying to read.
2025-07-16 10:17:32,388 [Worker-5: Building] INFO  o.e.m.c.i.l.LifecycleMappingFactory - Using org.eclipse.m2e.jdt.JarLifecycleMapping lifecycle mapping for MavenProject: dev.project:pokemon:0.0.1-SNAPSHOT @ /home/userpro/oop-pokemon/pokemon/pom.xml.
2025-07-16 10:17:32,735 [Worker-5: Building] INFO  o.a.m.s.f.DefaultMavenResourcesFiltering - skip non existing resourceDirectory /home/userpro/oop-pokemon/pokemon/src/main/resources
2025-07-16 10:17:32,739 [Worker-5: Building] INFO  o.a.m.s.f.DefaultMavenResourcesFiltering - skip non existing resourceDirectory /home/userpro/oop-pokemon/pokemon/src/test/resources
2025-07-16 10:17:33,800 [Worker-3: Building] INFO  o.a.m.s.f.DefaultMavenResourcesFiltering - skip non existing resourceDirectory /home/userpro/oop-pokemon/pokemon/src/main/resources
2025-07-16 10:17:33,801 [Worker-3: Building] INFO  o.a.m.s.f.DefaultMavenResourcesFiltering - skip non existing resourceDirectory /home/userpro/oop-pokemon/pokemon/src/test/resources
2025-07-16 10:18:22,165 [Worker-10: Building] INFO  o.a.m.s.f.DefaultMavenResourcesFiltering - skip non existing resourceDirectory /home/userpro/oop-pokemon/pokemon/src/main/resources
2025-07-16 10:18:22,167 [Worker-10: Building] INFO  o.a.m.s.f.DefaultMavenResourcesFiltering - skip non existing resourceDirectory /home/userpro/oop-pokemon/pokemon/src/test/resources
2025-07-16 10:19:17,062 [Worker-6: Building] INFO  o.a.m.s.f.DefaultMavenResourcesFiltering - skip non existing resourceDirectory /home/userpro/oop-pokemon/pokemon/src/main/resources
2025-07-16 10:19:17,064 [Worker-6: Building] INFO  o.a.m.s.f.DefaultMavenResourcesFiltering - skip non existing resourceDirectory /home/userpro/oop-pokemon/pokemon/src/test/resources
2025-07-16 10:19:32,798 [Worker-4: Building] INFO  o.a.m.s.f.DefaultMavenResourcesFiltering - skip non existing resourceDirectory /home/userpro/oop-pokemon/pokemon/src/main/resources
2025-07-16 10:19:32,799 [Worker-4: Building] INFO  o.a.m.s.f.DefaultMavenResourcesFiltering - skip non existing resourceDirectory /home/userpro/oop-pokemon/pokemon/src/test/resources
2025-07-16 10:21:52,582 [Worker-9: Building] INFO  o.a.m.s.f.DefaultMavenResourcesFiltering - skip non existing resourceDirectory /home/userpro/oop-pokemon/pokemon/src/main/resources
2025-07-16 10:21:52,583 [Worker-9: Building] INFO  o.a.m.s.f.DefaultMavenResourcesFiltering - skip non existing resourceDirectory /home/userpro/oop-pokemon/pokemon/src/test/resources
2025-07-16 10:32:33,470 [Worker-2: Loading available Gradle versions] INFO  o.e.b.c.i.u.g.PublishedGradleVersions - Gradle version information cache is up-to-date. Trying to read.
2025-07-16 10:32:34,655 [Worker-6: Building] INFO  o.a.m.s.f.DefaultMavenResourcesFiltering - skip non existing resourceDirectory /home/userpro/oop-pokemon/pokemon/src/main/resources
2025-07-16 10:32:34,659 [Worker-6: Building] INFO  o.a.m.s.f.DefaultMavenResourcesFiltering - skip non existing resourceDirectory /home/userpro/oop-pokemon/pokemon/src/test/resources
2025-07-16 10:32:41,951 [Worker-12: Building] INFO  o.a.m.s.f.DefaultMavenResourcesFiltering - skip non existing resourceDirectory /home/userpro/oop-pokemon/pokemon/src/main/resources
2025-07-16 10:32:41,952 [Worker-12: Building] INFO  o.a.m.s.f.DefaultMavenResourcesFiltering - skip non existing resourceDirectory /home/userpro/oop-pokemon/pokemon/src/test/resources
2025-07-16 10:40:08,887 [Worker-9: Building] INFO  o.a.m.s.f.DefaultMavenResourcesFiltering - skip non existing resourceDirectory /home/userpro/oop-pokemon/pokemon/src/main/resources
2025-07-16 10:40:08,888 [Worker-9: Building] INFO  o.a.m.s.f.DefaultMavenResourcesFiltering - skip non existing resourceDirectory /home/userpro/oop-pokemon/pokemon/src/test/resources
2025-07-16 10:40:20,862 [Worker-9: Building] INFO  o.a.m.s.f.DefaultMavenResourcesFiltering - skip non existing resourceDirectory /home/userpro/oop-pokemon/pokemon/src/main/resources
2025-07-16 10:40:20,863 [Worker-9: Building] INFO  o.a.m.s.f.DefaultMavenResourcesFiltering - skip non existing resourceDirectory /home/userpro/oop-pokemon/pokemon/src/test/resources
2025-07-16 10:42:54,622 [Worker-17: Building] INFO  o.a.m.s.f.DefaultMavenResourcesFiltering - skip non existing resourceDirectory /home/userpro/oop-pokemon/pokemon/src/main/resources
2025-07-16 10:42:54,624 [Worker-17: Building] INFO  o.a.m.s.f.DefaultMavenResourcesFiltering - skip non existing resourceDirectory /home/userpro/oop-pokemon/pokemon/src/test/resources
2025-07-16 11:58:07,460 [Worker-2: Loading available Gradle versions] INFO  o.e.b.c.i.u.g.PublishedGradleVersions - Gradle version information cache is up-to-date. Trying to read.
2025-07-16 11:58:08,281 [Worker-0: Building] INFO  o.a.m.s.f.DefaultMavenResourcesFiltering - skip non existing resourceDirectory /home/userpro/oop-pokemon/pokemon/src/main/resources
2025-07-16 11:58:08,285 [Worker-0: Building] INFO  o.a.m.s.f.DefaultMavenResourcesFiltering - skip non existing resourceDirectory /home/userpro/oop-pokemon/pokemon/src/test/resources
2025-07-16 12:18:52,041 [Worker-6: Loading available Gradle versions] INFO  o.e.b.c.i.u.g.PublishedGradleVersions - Gradle version information cache is up-to-date. Trying to read.
2025-07-16 12:18:54,495 [Worker-9: Building] INFO  o.a.m.s.f.DefaultMavenResourcesFiltering - skip non existing resourceDirectory /home/userpro/oop-pokemon/pokemon/src/main/resources
2025-07-16 12:18:54,498 [Worker-9: Building] INFO  o.a.m.s.f.DefaultMavenResourcesFiltering - skip non existing resourceDirectory /home/userpro/oop-pokemon/pokemon/src/test/resources
2025-07-16 12:46:46,963 [Worker-6: Loading available Gradle versions] INFO  o.e.b.c.i.u.g.PublishedGradleVersions - Gradle version information cache is up-to-date. Trying to read.
2025-07-16 12:46:47,823 [Worker-3: Building] INFO  o.a.m.s.f.DefaultMavenResourcesFiltering - skip non existing resourceDirectory /home/userpro/oop-pokemon/pokemon/src/main/resources
2025-07-16 12:46:47,827 [Worker-3: Building] INFO  o.a.m.s.f.DefaultMavenResourcesFiltering - skip non existing resourceDirectory /home/userpro/oop-pokemon/pokemon/src/test/resources
2025-07-16 12:46:51,263 [Worker-6: Building] INFO  o.a.m.s.f.DefaultMavenResourcesFiltering - skip non existing resourceDirectory /home/userpro/oop-pokemon/pokemon/src/main/resources
2025-07-16 12:46:51,264 [Worker-6: Building] INFO  o.a.m.s.f.DefaultMavenResourcesFiltering - skip non existing resourceDirectory /home/userpro/oop-pokemon/pokemon/src/test/resources
2025-07-16 21:28:30,800 [Worker-3: Loading available Gradle versions] INFO  o.e.b.c.i.u.g.PublishedGradleVersions - Gradle version information cache is up-to-date. Trying to read.
2025-07-16 21:28:32,088 [Worker-5: Building] INFO  o.e.m.c.i.e.AbstractTransferListenerAdapter - Downloading https://repo.maven.apache.org/maven2/commons-io/commons-io/2.11.0/commons-io-2.11.0.jar
2025-07-16 21:28:32,203 [Worker-5: Building] INFO  o.e.m.c.i.e.AbstractTransferListenerAdapter - Downloaded https://repo.maven.apache.org/maven2/commons-io/commons-io/2.11.0/commons-io-2.11.0.jar
2025-07-16 21:28:32,219 [BasicRepositoryConnector-repo.maven.apache.org-0-0] INFO  o.e.m.c.i.e.AbstractTransferListenerAdapter - Downloading https://repo.maven.apache.org/maven2/org/apache/maven/shared/maven-shared-incremental/1.1/maven-shared-incremental-1.1.jar
2025-07-16 21:28:32,220 [BasicRepositoryConnector-repo.maven.apache.org-0-0] INFO  o.e.m.c.i.e.AbstractTransferListenerAdapter - Downloaded https://repo.maven.apache.org/maven2/org/apache/maven/shared/maven-shared-incremental/1.1/maven-shared-incremental-1.1.jar
2025-07-16 21:28:32,234 [BasicRepositoryConnector-repo.maven.apache.org-0-0] INFO  o.e.m.c.i.e.AbstractTransferListenerAdapter - Downloading https://repo.maven.apache.org/maven2/org/codehaus/plexus/plexus-compiler-manager/2.15.0/plexus-compiler-manager-2.15.0.jar
2025-07-16 21:28:32,234 [BasicRepositoryConnector-repo.maven.apache.org-0-0] INFO  o.e.m.c.i.e.AbstractTransferListenerAdapter - Downloaded https://repo.maven.apache.org/maven2/org/codehaus/plexus/plexus-compiler-manager/2.15.0/plexus-compiler-manager-2.15.0.jar
2025-07-16 21:28:32,290 [BasicRepositoryConnector-repo.maven.apache.org-0-0] INFO  o.e.m.c.i.e.AbstractTransferListenerAdapter - Downloading https://repo.maven.apache.org/maven2/org/codehaus/plexus/plexus-xml/3.0.0/plexus-xml-3.0.0.jar
2025-07-16 21:28:32,296 [BasicRepositoryConnector-repo.maven.apache.org-0-1] INFO  o.e.m.c.i.e.AbstractTransferListenerAdapter - Downloading https://repo.maven.apache.org/maven2/org/codehaus/plexus/plexus-java/1.2.0/plexus-java-1.2.0.jar
2025-07-16 21:28:32,301 [BasicRepositoryConnector-repo.maven.apache.org-0-2] INFO  o.e.m.c.i.e.AbstractTransferListenerAdapter - Downloading https://repo.maven.apache.org/maven2/org/ow2/asm/asm/9.6/asm-9.6.jar
2025-07-16 21:28:32,302 [BasicRepositoryConnector-repo.maven.apache.org-0-3] INFO  o.e.m.c.i.e.AbstractTransferListenerAdapter - Downloading https://repo.maven.apache.org/maven2/com/thoughtworks/qdox/qdox/2.0.3/qdox-2.0.3.jar
2025-07-16 21:28:32,310 [BasicRepositoryConnector-repo.maven.apache.org-0-0] INFO  o.e.m.c.i.e.AbstractTransferListenerAdapter - Downloaded https://repo.maven.apache.org/maven2/org/codehaus/plexus/plexus-xml/3.0.0/plexus-xml-3.0.0.jar
2025-07-16 21:28:32,311 [BasicRepositoryConnector-repo.maven.apache.org-0-4] INFO  o.e.m.c.i.e.AbstractTransferListenerAdapter - Downloading https://repo.maven.apache.org/maven2/org/codehaus/plexus/plexus-compiler-api/2.15.0/plexus-compiler-api-2.15.0.jar
2025-07-16 21:28:32,313 [BasicRepositoryConnector-repo.maven.apache.org-0-4] INFO  o.e.m.c.i.e.AbstractTransferListenerAdapter - Downloaded https://repo.maven.apache.org/maven2/org/codehaus/plexus/plexus-compiler-api/2.15.0/plexus-compiler-api-2.15.0.jar
2025-07-16 21:28:32,320 [BasicRepositoryConnector-repo.maven.apache.org-0-1] INFO  o.e.m.c.i.e.AbstractTransferListenerAdapter - Downloaded https://repo.maven.apache.org/maven2/org/codehaus/plexus/plexus-java/1.2.0/plexus-java-1.2.0.jar
2025-07-16 21:28:32,327 [BasicRepositoryConnector-repo.maven.apache.org-0-0] INFO  o.e.m.c.i.e.AbstractTransferListenerAdapter - Downloading https://repo.maven.apache.org/maven2/org/codehaus/plexus/plexus-compiler-javac/2.15.0/plexus-compiler-javac-2.15.0.jar
2025-07-16 21:28:32,394 [BasicRepositoryConnector-repo.maven.apache.org-0-4] INFO  o.e.m.c.i.e.AbstractTransferListenerAdapter - Downloading https://repo.maven.apache.org/maven2/org/codehaus/plexus/plexus-utils/4.0.0/plexus-utils-4.0.0.jar
2025-07-16 21:28:32,394 [BasicRepositoryConnector-repo.maven.apache.org-0-0] INFO  o.e.m.c.i.e.AbstractTransferListenerAdapter - Downloaded https://repo.maven.apache.org/maven2/org/codehaus/plexus/plexus-compiler-javac/2.15.0/plexus-compiler-javac-2.15.0.jar
2025-07-16 21:28:32,395 [BasicRepositoryConnector-repo.maven.apache.org-0-2] INFO  o.e.m.c.i.e.AbstractTransferListenerAdapter - Downloaded https://repo.maven.apache.org/maven2/org/ow2/asm/asm/9.6/asm-9.6.jar
2025-07-16 21:28:32,423 [BasicRepositoryConnector-repo.maven.apache.org-0-3] INFO  o.e.m.c.i.e.AbstractTransferListenerAdapter - Downloaded https://repo.maven.apache.org/maven2/com/thoughtworks/qdox/qdox/2.0.3/qdox-2.0.3.jar
2025-07-16 21:28:32,445 [BasicRepositoryConnector-repo.maven.apache.org-0-4] INFO  o.e.m.c.i.e.AbstractTransferListenerAdapter - Downloaded https://repo.maven.apache.org/maven2/org/codehaus/plexus/plexus-utils/4.0.0/plexus-utils-4.0.0.jar
2025-07-16 21:28:32,485 [Worker-5: Building] INFO  o.e.m.c.i.l.LifecycleMappingFactory - Using org.eclipse.m2e.jdt.JarLifecycleMapping lifecycle mapping for MavenProject: dev.project:pokemon:0.0.1-SNAPSHOT @ /home/userpro/oop-pokemon/pokemon/pom.xml.
2025-07-16 21:28:32,597 [Worker-5: Building] INFO  o.e.m.c.i.e.AbstractTransferListenerAdapter - Downloading https://repo.maven.apache.org/maven2/org/codehaus/plexus/plexus-interpolation/1.26/plexus-interpolation-1.26.jar
2025-07-16 21:28:32,606 [Worker-5: Building] INFO  o.e.m.c.i.e.AbstractTransferListenerAdapter - Downloaded https://repo.maven.apache.org/maven2/org/codehaus/plexus/plexus-interpolation/1.26/plexus-interpolation-1.26.jar
2025-07-16 21:28:32,620 [BasicRepositoryConnector-repo.maven.apache.org-1-3] INFO  o.e.m.c.i.e.AbstractTransferListenerAdapter - Downloading https://repo.maven.apache.org/maven2/org/apache/commons/commons-lang3/3.12.0/commons-lang3-3.12.0.jar
2025-07-16 21:28:32,623 [BasicRepositoryConnector-repo.maven.apache.org-1-1] INFO  o.e.m.c.i.e.AbstractTransferListenerAdapter - Downloading https://repo.maven.apache.org/maven2/org/apache/maven/shared/maven-filtering/3.3.1/maven-filtering-3.3.1.jar
2025-07-16 21:28:32,623 [BasicRepositoryConnector-repo.maven.apache.org-1-0] INFO  o.e.m.c.i.e.AbstractTransferListenerAdapter - Downloading https://repo.maven.apache.org/maven2/org/codehaus/plexus/plexus-utils/3.5.1/plexus-utils-3.5.1.jar
2025-07-16 21:28:32,631 [BasicRepositoryConnector-repo.maven.apache.org-1-2] INFO  o.e.m.c.i.e.AbstractTransferListenerAdapter - Downloading https://repo.maven.apache.org/maven2/org/sonatype/plexus/plexus-build-api/0.0.7/plexus-build-api-0.0.7.jar
2025-07-16 21:28:32,632 [BasicRepositoryConnector-repo.maven.apache.org-1-1] INFO  o.e.m.c.i.e.AbstractTransferListenerAdapter - Downloaded https://repo.maven.apache.org/maven2/org/apache/maven/shared/maven-filtering/3.3.1/maven-filtering-3.3.1.jar
2025-07-16 21:28:32,635 [BasicRepositoryConnector-repo.maven.apache.org-1-2] INFO  o.e.m.c.i.e.AbstractTransferListenerAdapter - Downloaded https://repo.maven.apache.org/maven2/org/sonatype/plexus/plexus-build-api/0.0.7/plexus-build-api-0.0.7.jar
2025-07-16 21:28:32,809 [BasicRepositoryConnector-repo.maven.apache.org-1-0] INFO  o.e.m.c.i.e.AbstractTransferListenerAdapter - Downloaded https://repo.maven.apache.org/maven2/org/codehaus/plexus/plexus-utils/3.5.1/plexus-utils-3.5.1.jar
2025-07-16 21:28:32,817 [BasicRepositoryConnector-repo.maven.apache.org-1-3] INFO  o.e.m.c.i.e.AbstractTransferListenerAdapter - Downloaded https://repo.maven.apache.org/maven2/org/apache/commons/commons-lang3/3.12.0/commons-lang3-3.12.0.jar
2025-07-16 21:28:32,837 [Worker-5: Building] INFO  o.a.m.s.f.DefaultMavenResourcesFiltering - skip non existing resourceDirectory /home/userpro/oop-pokemon/pokemon/src/main/resources
2025-07-16 21:28:32,839 [Worker-5: Building] INFO  o.a.m.s.f.DefaultMavenResourcesFiltering - skip non existing resourceDirectory /home/userpro/oop-pokemon/pokemon/src/test/resources
2025-07-16 21:28:32,904 [Worker-5: Building] INFO  o.e.m.c.i.e.AbstractTransferListenerAdapter - Downloading https://repo.maven.apache.org/maven2/org/apache/maven/shared/file-management/3.1.0/file-management-3.1.0.jar
2025-07-16 21:28:32,907 [Worker-5: Building] INFO  o.e.m.c.i.e.AbstractTransferListenerAdapter - Downloaded https://repo.maven.apache.org/maven2/org/apache/maven/shared/file-management/3.1.0/file-management-3.1.0.jar
2025-07-16 21:28:32,921 [BasicRepositoryConnector-repo.maven.apache.org-2-3] INFO  o.e.m.c.i.e.AbstractTransferListenerAdapter - Downloading https://repo.maven.apache.org/maven2/org/codehaus/plexus/plexus-archiver/4.9.2/plexus-archiver-4.9.2.jar
2025-07-16 21:28:32,922 [BasicRepositoryConnector-repo.maven.apache.org-2-1] INFO  o.e.m.c.i.e.AbstractTransferListenerAdapter - Downloading https://repo.maven.apache.org/maven2/commons-io/commons-io/2.16.1/commons-io-2.16.1.jar
2025-07-16 21:28:32,923 [BasicRepositoryConnector-repo.maven.apache.org-2-2] INFO  o.e.m.c.i.e.AbstractTransferListenerAdapter - Downloading https://repo.maven.apache.org/maven2/org/apache/maven/maven-archiver/3.6.2/maven-archiver-3.6.2.jar
2025-07-16 21:28:32,924 [BasicRepositoryConnector-repo.maven.apache.org-2-4] INFO  o.e.m.c.i.e.AbstractTransferListenerAdapter - Downloading https://repo.maven.apache.org/maven2/org/codehaus/plexus/plexus-io/3.4.2/plexus-io-3.4.2.jar
2025-07-16 21:28:32,925 [BasicRepositoryConnector-repo.maven.apache.org-2-0] INFO  o.e.m.c.i.e.AbstractTransferListenerAdapter - Downloading https://repo.maven.apache.org/maven2/org/codehaus/plexus/plexus-utils/4.0.1/plexus-utils-4.0.1.jar
2025-07-16 21:28:32,952 [BasicRepositoryConnector-repo.maven.apache.org-2-2] INFO  o.e.m.c.i.e.AbstractTransferListenerAdapter - Downloaded https://repo.maven.apache.org/maven2/org/apache/maven/maven-archiver/3.6.2/maven-archiver-3.6.2.jar
2025-07-16 21:28:32,960 [BasicRepositoryConnector-repo.maven.apache.org-2-4] INFO  o.e.m.c.i.e.AbstractTransferListenerAdapter - Downloaded https://repo.maven.apache.org/maven2/org/codehaus/plexus/plexus-io/3.4.2/plexus-io-3.4.2.jar
2025-07-16 21:28:33,018 [BasicRepositoryConnector-repo.maven.apache.org-2-4] INFO  o.e.m.c.i.e.AbstractTransferListenerAdapter - Downloading https://repo.maven.apache.org/maven2/org/apache/commons/commons-lang3/3.14.0/commons-lang3-3.14.0.jar
2025-07-16 21:28:33,018 [BasicRepositoryConnector-repo.maven.apache.org-2-0] INFO  o.e.m.c.i.e.AbstractTransferListenerAdapter - Downloaded https://repo.maven.apache.org/maven2/org/codehaus/plexus/plexus-utils/4.0.1/plexus-utils-4.0.1.jar
2025-07-16 21:28:33,126 [BasicRepositoryConnector-repo.maven.apache.org-2-3] INFO  o.e.m.c.i.e.AbstractTransferListenerAdapter - Downloaded https://repo.maven.apache.org/maven2/org/codehaus/plexus/plexus-archiver/4.9.2/plexus-archiver-4.9.2.jar
2025-07-16 21:28:33,130 [BasicRepositoryConnector-repo.maven.apache.org-2-0] INFO  o.e.m.c.i.e.AbstractTransferListenerAdapter - Downloading https://repo.maven.apache.org/maven2/commons-codec/commons-codec/1.16.1/commons-codec-1.16.1.jar
2025-07-16 21:28:33,230 [BasicRepositoryConnector-repo.maven.apache.org-2-2] INFO  o.e.m.c.i.e.AbstractTransferListenerAdapter - Downloading https://repo.maven.apache.org/maven2/org/apache/commons/commons-compress/1.26.1/commons-compress-1.26.1.jar
2025-07-16 21:28:33,331 [BasicRepositoryConnector-repo.maven.apache.org-2-4] INFO  o.e.m.c.i.e.AbstractTransferListenerAdapter - Downloaded https://repo.maven.apache.org/maven2/org/apache/commons/commons-lang3/3.14.0/commons-lang3-3.14.0.jar
2025-07-16 21:28:33,345 [BasicRepositoryConnector-repo.maven.apache.org-2-0] INFO  o.e.m.c.i.e.AbstractTransferListenerAdapter - Downloaded https://repo.maven.apache.org/maven2/commons-codec/commons-codec/1.16.1/commons-codec-1.16.1.jar
2025-07-16 21:28:33,346 [BasicRepositoryConnector-repo.maven.apache.org-2-3] INFO  o.e.m.c.i.e.AbstractTransferListenerAdapter - Downloading https://repo.maven.apache.org/maven2/org/iq80/snappy/snappy/0.4/snappy-0.4.jar
2025-07-16 21:28:33,351 [BasicRepositoryConnector-repo.maven.apache.org-2-3] INFO  o.e.m.c.i.e.AbstractTransferListenerAdapter - Downloaded https://repo.maven.apache.org/maven2/org/iq80/snappy/snappy/0.4/snappy-0.4.jar
2025-07-16 21:28:33,354 [BasicRepositoryConnector-repo.maven.apache.org-2-4] INFO  o.e.m.c.i.e.AbstractTransferListenerAdapter - Downloading https://repo.maven.apache.org/maven2/com/github/luben/zstd-jni/1.5.5-11/zstd-jni-1.5.5-11.jar
2025-07-16 21:28:33,437 [BasicRepositoryConnector-repo.maven.apache.org-2-1] INFO  o.e.m.c.i.e.AbstractTransferListenerAdapter - Downloaded https://repo.maven.apache.org/maven2/commons-io/commons-io/2.16.1/commons-io-2.16.1.jar
2025-07-16 21:28:33,842 [Worker-6: Download sources and javadoc] INFO  o.e.m.c.i.e.AbstractTransferListenerAdapter - Downloading https://repo.maven.apache.org/maven2/org/junit/jupiter/junit-jupiter-api/5.11.0/junit-jupiter-api-5.11.0-sources.jar
2025-07-16 21:28:34,135 [BasicRepositoryConnector-repo.maven.apache.org-2-2] INFO  o.e.m.c.i.e.AbstractTransferListenerAdapter - Downloaded https://repo.maven.apache.org/maven2/org/apache/commons/commons-compress/1.26.1/commons-compress-1.26.1.jar
2025-07-16 21:28:34,181 [Worker-6: Download sources and javadoc] INFO  o.e.m.c.i.e.AbstractTransferListenerAdapter - Downloaded https://repo.maven.apache.org/maven2/org/junit/jupiter/junit-jupiter-api/5.11.0/junit-jupiter-api-5.11.0-sources.jar
2025-07-16 21:28:34,182 [Worker-6: Download sources and javadoc] INFO  o.e.m.j.internal.DownloadSourcesJob - Downloaded sources for org.junit.jupiter:junit-jupiter-api:5.11.0
2025-07-16 21:28:34,287 [Worker-6: Download sources and javadoc] INFO  o.e.m.c.i.e.AbstractTransferListenerAdapter - Downloading https://repo.maven.apache.org/maven2/org/opentest4j/opentest4j/1.3.0/opentest4j-1.3.0-sources.jar
2025-07-16 21:28:34,289 [Worker-6: Download sources and javadoc] INFO  o.e.m.c.i.e.AbstractTransferListenerAdapter - Downloaded https://repo.maven.apache.org/maven2/org/opentest4j/opentest4j/1.3.0/opentest4j-1.3.0-sources.jar
2025-07-16 21:28:34,289 [Worker-6: Download sources and javadoc] INFO  o.e.m.j.internal.DownloadSourcesJob - Downloaded sources for org.opentest4j:opentest4j:1.3.0
2025-07-16 21:28:34,382 [Worker-6: Download sources and javadoc] INFO  o.e.m.c.i.e.AbstractTransferListenerAdapter - Downloading https://repo.maven.apache.org/maven2/org/junit/platform/junit-platform-commons/1.11.0/junit-platform-commons-1.11.0-sources.jar
2025-07-16 21:28:34,461 [Worker-6: Download sources and javadoc] INFO  o.e.m.c.i.e.AbstractTransferListenerAdapter - Downloaded https://repo.maven.apache.org/maven2/org/junit/platform/junit-platform-commons/1.11.0/junit-platform-commons-1.11.0-sources.jar
2025-07-16 21:28:34,462 [Worker-6: Download sources and javadoc] INFO  o.e.m.j.internal.DownloadSourcesJob - Downloaded sources for org.junit.platform:junit-platform-commons:1.11.0
2025-07-16 21:28:34,548 [Worker-6: Download sources and javadoc] INFO  o.e.m.c.i.e.AbstractTransferListenerAdapter - Downloading https://repo.maven.apache.org/maven2/org/apiguardian/apiguardian-api/1.1.2/apiguardian-api-1.1.2-sources.jar
2025-07-16 21:28:34,548 [Worker-6: Download sources and javadoc] INFO  o.e.m.c.i.e.AbstractTransferListenerAdapter - Downloaded https://repo.maven.apache.org/maven2/org/apiguardian/apiguardian-api/1.1.2/apiguardian-api-1.1.2-sources.jar
2025-07-16 21:28:34,549 [Worker-6: Download sources and javadoc] INFO  o.e.m.j.internal.DownloadSourcesJob - Downloaded sources for org.apiguardian:apiguardian-api:1.1.2
2025-07-16 21:28:34,860 [Worker-6: Download sources and javadoc] INFO  o.e.m.c.i.e.AbstractTransferListenerAdapter - Downloading https://repo.maven.apache.org/maven2/org/junit/jupiter/junit-jupiter-params/5.11.0/junit-jupiter-params-5.11.0-sources.jar
2025-07-16 21:28:34,903 [Worker-6: Download sources and javadoc] INFO  o.e.m.c.i.e.AbstractTransferListenerAdapter - Downloaded https://repo.maven.apache.org/maven2/org/junit/jupiter/junit-jupiter-params/5.11.0/junit-jupiter-params-5.11.0-sources.jar
2025-07-16 21:28:34,904 [Worker-6: Download sources and javadoc] INFO  o.e.m.j.internal.DownloadSourcesJob - Downloaded sources for org.junit.jupiter:junit-jupiter-params:5.11.0
2025-07-16 21:28:35,087 [BasicRepositoryConnector-repo.maven.apache.org-2-4] INFO  o.e.m.c.i.e.AbstractTransferListenerAdapter - Downloaded https://repo.maven.apache.org/maven2/com/github/luben/zstd-jni/1.5.5-11/zstd-jni-1.5.5-11.jar
2025-07-16 21:28:36,300 [Worker-0: Building] INFO  o.e.m.c.i.l.LifecycleMappingFactory - Using org.eclipse.m2e.jdt.JarLifecycleMapping lifecycle mapping for MavenProject: dev.project:pokemon:0.0.1-SNAPSHOT @ /home/userpro/oop-pokemon/pokemon/pom.xml.
2025-07-16 21:28:36,360 [Worker-0: Building] INFO  o.a.m.s.f.DefaultMavenResourcesFiltering - skip non existing resourceDirectory /home/userpro/oop-pokemon/pokemon/src/main/resources
2025-07-16 21:28:36,363 [Worker-0: Building] INFO  o.a.m.s.f.DefaultMavenResourcesFiltering - skip non existing resourceDirectory /home/userpro/oop-pokemon/pokemon/src/test/resources
2025-07-16 21:29:08,444 [Worker-5: Launching AppTest] INFO  o.a.m.s.f.DefaultMavenResourcesFiltering - skip non existing resourceDirectory /home/userpro/oop-pokemon/pokemon/src/main/resources
2025-07-16 21:29:08,446 [Worker-5: Launching AppTest] INFO  o.a.m.s.f.DefaultMavenResourcesFiltering - skip non existing resourceDirectory /home/userpro/oop-pokemon/pokemon/src/test/resources
2025-07-16 21:29:43,235 [Worker-5: Launching AppTest] INFO  o.a.m.s.f.DefaultMavenResourcesFiltering - skip non existing resourceDirectory /home/userpro/oop-pokemon/pokemon/src/main/resources
2025-07-16 21:29:43,237 [Worker-5: Launching AppTest] INFO  o.a.m.s.f.DefaultMavenResourcesFiltering - skip non existing resourceDirectory /home/userpro/oop-pokemon/pokemon/src/test/resources
2025-07-16 21:43:44,090 [Worker-3: Loading available Gradle versions] INFO  o.e.b.c.i.u.g.PublishedGradleVersions - Gradle version information cache is up-to-date. Trying to read.
2025-07-16 21:43:44,871 [Worker-8: Building] INFO  o.a.m.s.f.DefaultMavenResourcesFiltering - skip non existing resourceDirectory /home/userpro/oop-pokemon/pokemon/src/main/resources
2025-07-16 21:43:44,876 [Worker-8: Building] INFO  o.a.m.s.f.DefaultMavenResourcesFiltering - skip non existing resourceDirectory /home/userpro/oop-pokemon/pokemon/src/test/resources
2025-07-17 01:48:18,231 [Worker-2: Loading available Gradle versions] INFO  o.e.b.c.i.u.g.PublishedGradleVersions - Gradle version information cache is up-to-date. Trying to read.
2025-07-17 01:48:18,996 [Worker-0: Building] INFO  o.a.m.s.f.DefaultMavenResourcesFiltering - skip non existing resourceDirectory /home/userpro/oop-pokemon/pokemon/src/main/resources
2025-07-17 01:48:19,000 [Worker-0: Building] INFO  o.a.m.s.f.DefaultMavenResourcesFiltering - skip non existing resourceDirectory /home/userpro/oop-pokemon/pokemon/src/test/resources
2025-07-17 01:48:20,427 [Worker-2: Building] INFO  o.e.m.c.i.l.LifecycleMappingFactory - Using org.eclipse.m2e.jdt.JarLifecycleMapping lifecycle mapping for MavenProject: dev.project:pokemon:0.0.1-SNAPSHOT @ /home/userpro/oop-pokemon/pokemon/pom.xml.
2025-07-17 01:48:20,485 [Worker-2: Building] INFO  o.a.m.s.f.DefaultMavenResourcesFiltering - skip non existing resourceDirectory /home/userpro/oop-pokemon/pokemon/src/main/resources
2025-07-17 01:48:20,487 [Worker-2: Building] INFO  o.a.m.s.f.DefaultMavenResourcesFiltering - skip non existing resourceDirectory /home/userpro/oop-pokemon/pokemon/src/test/resources
